<?xml version="1.0" encoding="UTF-8"?>
<!-- Generated by org.testng.reporters.JUnitReportReporter -->
<testsuite hostname="LAPTOP-5K04VMGQ" failures="0" tests="13" name="com.mindtree.runner.BigSmall" time="118.176" errors="0" timestamp="2021-11-21T19:57:18 IST" skipped="0">
  <testcase classname="com.mindtree.runner.BigSmall" name="homePageLanding" time="7.747"/>
  <system-out/>
  <testcase classname="com.mindtree.runner.BigSmall" name="signInTesting" time="8.061"/>
  <system-out/>
  <testcase classname="com.mindtree.runner.BigSmall" name="signInTesting" time="8.752"/>
  <system-out/>
  <testcase classname="com.mindtree.runner.BigSmall" name="signInTesting" time="12.163"/>
  <system-out/>
  <testcase classname="com.mindtree.runner.BigSmall" name="PersonalGift" time="7.310"/>
  <system-out/>
  <testcase classname="com.mindtree.runner.BigSmall" name="selectProductTesting" time="6.088"/>
  <system-out/>
  <testcase classname="com.mindtree.runner.BigSmall" name="ChristmasGiftTesting" time="17.285"/>
  <system-out/>
  <testcase classname="com.mindtree.runner.BigSmall" name="ShopByCategoryTesting" time="14.913"/>
  <system-out/>
  <testcase classname="com.mindtree.runner.BigSmall" name="AllOfItTesting" time="7.590"/>
  <system-out/>
  <testcase classname="com.mindtree.runner.BigSmall" name="WishListTesting" time="8.681"/>
  <system-out/>
  <testcase classname="com.mindtree.runner.BigSmall" name="AboutUSTesting" time="2.575"/>
  <system-out/>
  <testcase classname="com.mindtree.runner.BigSmall" name="GiftCardTesting" time="8.563"/>
  <system-out/>
  <testcase classname="com.mindtree.runner.BigSmall" name="ContactUsTesting" time="8.448"/>
  <system-out/>
</testsuite> <!-- com.mindtree.runner.BigSmall -->
